MPASM  5.51                           RTS.ASM   7-27-2016  15:17:13         PAGE  1


LOC  OBJECT CODE     LINE SOURCE TEXT
  VALUE

                      00001 
                      00002 ;******************************************************************************
                      00003 ;  File Name    : RTS  RS-485 Transmit Enable
                      00004 ;  Version      : 1.0
                      00005 ;  Description  : Generates RTS signal for RS-485 from RS-232 Data line.
                      00006 ;  Author       : Peter Cranwell
                      00007 ;  Target       : Microchip PIC 12F683 Microcontroller
                      00008 ;  Compiler     : Microchip Assembler (MPASM)
                      00009 ;  IDE          : Microchip MPLAB IDE v8.00
                      00010 ;  Programmer   : PICKSTART programmer
                      00011 ;  Last Updated : 4/26/11
                      00012 ; *******************************************************************
                      00013 ;
                      00014 ; RS/232 - RS-485  Transmit Data Enable
                      00015 ;     (C) 2011 P. Cranwell
                      00016 ;
                      00017 ;     Port Usage
                      00018 ;
                      00019 ;     GP0    Date Input         Pin 7
                      00020 ;     GP1    Data Output        Pin 6
                      00021 ;     GP2    Data Enable        Pin 5
                      00022 ;
                      00023 ;     NOTE:  TTL levels are inverted from RS-232 levels.  A TTL level Start Pulse is a SPACE = 0 Level.
                      00024 ;            A TTL Level STOP bit ia a Mark = + Level. 
                      00025 ;
                      00026 ;
                      00027 ;   The device repeats the signal level on the input pin & propagates it to the output pin.
                      00028 ;
                      00029 ;   Upon receipt of a 0 level (Start bit or data bit) the Transmit Enable output is raised and the timer
                             is turned on.
                      00030 ;   The transmit enable is raised 8 microseconds before the data is repeated (at a clock speed of 20MHZ)
                            .  This is 1/2 bit time at 56KBPS.
                      00031 ;
                      00032 ;
                      00033 ;   Timer1 ioperates at FOSC/4 = @5MHZ or .2 microseconds per timer count.
                      00034 ; 
                      00035 ;   1 Byte time @ 38400 BPS =  260 Microseconds 
                      00036 ;     
                      00037 ;   1 Byte time @ 9600 BPS = 1041 Microseconds
                      00038 ;      Time to drop DE = 1 Byte time Timer Count.  = X'1455'   (FFFF - 1455 = E6AA)
                      00039 ;
                      00040 ;
                      00041 ;
                      00042 ;***********************************************************************
                      00043 Bank0  macro
                      00044        bcf    STATUS,RP0 
                      00045        endm
                      00046 
                      00047 Bank1  macro
                      00048        bsf     STATUS,RP0
                      00049        endm
                      00050 
                      00051 
MPASM  5.51                           RTS.ASM   7-27-2016  15:17:13         PAGE  2


LOC  OBJECT CODE     LINE SOURCE TEXT
  VALUE

                      00052 #include <p12F683.inc>
                      00001         LIST
                      00002 
                      00003 ;==========================================================================
                      00004 ;  MPASM PIC12F683 processor include
                      00005 ; 
                      00006 ;  (c) Copyright 1999-2013 Microchip Technology, All rights reserved
                      00007 ;==========================================================================
                      00008 
                      00459         LIST
                      00053     ; Compiler configuration bits set to override the config setting.
                      00054     ; The hardware is using a 20 MHZ crystal.
                      00055     ; Data definitions follow
                      00056      cblock 0x20
  00000020            00057 TimerLow                ; Define two 8-bit timer values
  00000021            00058 TimerHigh  
                      00059      endc
                      00060 
                      00061      org 0                  ; Main Loop
0000   2???           00062      goto   Start 
                      00063 
                      00064 
                      00065 ; Interrupts servied here      
                      00066      org 4                  ; Interrupt Vector
                      00067      Bank1
0004   1683               M        bsf     STATUS,RP0
                      00068      ; check to see what type of interrupe.  Either Port change or Timer
0005   1C0B           00069      btfss  INTCON,GPIF     ; skip if IO Interrupt
0006   2???           00070      goto   TimerPop
                      00071 
                      00072 
                      00073      ; I/O interrupt logic    
                      00074     
                      00075      ; get GP0 latch value into W Reg
                      00076      Bank0
0007   1283               M        bcf    STATUS,RP0 
                      00077      
0008   1805           00078      btfsc   GPIO,GP0
0009   2???           00079      goto Mark 
                      00080     
                      00081      ; SPACE Logic is entered on Space and Start Bit = 0 Level.
                      00082 
                      00083      ; Bank0 already selected
000A   1505           00084      bsf    GPIO,GP2             ; Enable RS-485 Transmit & RS-232 RTS
                      00085      
                      00086      ; initialize timer Count for 9600 BPS.  
                      00087      ; This will work at higher speeds if peer uses slight delay before responding.
                      00088      ;
000B   30E6           00089      movlw    0xE6      
000C   008F           00090      movwf    TMR1H
000D   30AA           00091      movlw    0xAA
000E   008E           00092      movwf    TMR1L 
                      00093      ; Enable Timer
MPASM  5.51                           RTS.ASM   7-27-2016  15:17:13         PAGE  3


LOC  OBJECT CODE     LINE SOURCE TEXT
  VALUE

000F   3005           00094      movlw    0x05     
0010   0090           00095      movwf    T1CON
                      00096     
                      00097 
0011   2???           00098      goto   MarkAndSpace
                      00099       
                      00100 
                      00101 
0012                  00102 Mark:
                      00103      ; Entered on Space and Stop Bit = + Level
                      00104      ; Keep Mark and Space pathlengths the same
0012   0000           00105      nop
0013   0000           00106      nop
                      00107     
                      00108   
                      00109 
0014                  00110 MarkAndSpace:
                      00111      ; Echo Input Latch data to Output Latch at GP0
                      00112      Bank0
0014   1283               M        bcf    STATUS,RP0 
0015   1C05           00113      btfss   GPIO,GP0
0016   2???           00114      goto    SetLow
0017   1485           00115      bsf     GPIO,GP1
0018   2???           00116      goto Done
0019                  00117 SetLow
0019   1085           00118      bcf     GPIO,GP1
001A                  00119 Done:
                      00120      
                      00121 
                      00122 
                      00123      Bank1
001A   1683               M        bsf     STATUS,RP0
001B   100B           00124      bcf    INTCON,GPIF          ; Clear interrupt
                      00125 
001C   0009           00126      retfie
                      00127 
001D                  00128 TimerPop:
                      00129      ; bank 1 already selected
001D   100B           00130      bcf      INTCON,GPIF
                      00131      Bank0
001E   1283               M        bcf    STATUS,RP0 
001F   1105           00132      bcf      GPIO,GP2         ; Drop RTS
0020   1010           00133      bcf      T1CON,TMR1ON     ; Turn Off Timer
0021   100C           00134      bcf      PIR1,TMR1IF
0022   0009           00135      retfie
                      00136      
                      00137 
                      00138 
                      00139 
                      00140     org     0x100
0100                  00141 Start:
                      00142     ;Setup chip options, enable timer and IOC interrupts and then sleep until interrupted.
                      00143       
MPASM  5.51                           RTS.ASM   7-27-2016  15:17:13         PAGE  4


LOC  OBJECT CODE     LINE SOURCE TEXT
  VALUE

                      00144     Bank0
0100   1283               M        bcf    STATUS,RP0 
                      00145    
0101   3007           00146     movlw    0x07
0102   0099           00147     movwf    CMCON0          ; Turn Comparators off
                      00148    
0103   30C8           00149     movlw    0xC8            ; GIE=1, PEIE=1, GPIE=1, GPIF=0
0104   008B           00150     movwf    INTCON
                      00151 
                      00152     Bank1
0105   1683               M        bsf     STATUS,RP0
0106   3000           00153     movlw    0x00            ; GP0 is input, all other are output
Message[302]: Register in operand not in bank 0.  Ensure that bank bits are correct.
0107   0085           00154     movwf    TRISIO  
Message[302]: Register in operand not in bank 0.  Ensure that bank bits are correct.
0108   019F           00155     clrf     ANSEL           ; Make all ports as digital I/O
                      00156     
                      00157 
                      00158     Bank0
0109   1283               M        bcf    STATUS,RP0 
010A   3003           00159     movlw    0x03            ; Initialize Input & Output to +, Transmit Enable to 0
010B   0085           00160     movwf    GPIO
                      00161 
                      00162     
                      00163     Bank1
010C   1683               M        bsf     STATUS,RP0
010D   3001           00164     movlw    0x01            ; GP0 is input, all other are output
Message[302]: Register in operand not in bank 0.  Ensure that bank bits are correct.
010E   0085           00165     movwf    TRISIO  
                      00166         
Message[302]: Register in operand not in bank 0.  Ensure that bank bits are correct.
010F   1416           00167     bsf      IOC,IOC0        ; GP0 Interrupt on Change
0110   1010           00168     bcf      T1CON,TMR1ON    ; Turn Off Timer
Message[302]: Register in operand not in bank 0.  Ensure that bank bits are correct.
0111   140C           00169     bsf      PIE1,TMR1IE     ; Enable Timer interrupts
                      00170 
                      00171    
                      00172 
                      00173    
                      00174    
0112                  00175 Loopforever:
                      00176      ; the following is just a test
0112   0082           00177      movwf 0x02
0113   2???           00178      goto     Loopforever
                      00179     end; EOF: RTS
MPASM  5.51                           RTS.ASM   7-27-2016  15:17:13         PAGE  5


SYMBOL TABLE
  LABEL                             VALUE 

ADCON0                            0000001F
ADCS0                             00000004
ADCS1                             00000005
ADCS2                             00000006
ADFM                              00000007
ADIE                              00000006
ADIF                              00000006
ADON                              00000000
ADRESH                            0000001E
ADRESL                            0000009E
ANS0                              00000000
ANS1                              00000001
ANS2                              00000002
ANS3                              00000003
ANSEL                             0000009F
Bank0                             
Bank1                             
C                                 00000000
CCP1CON                           00000015
CCP1IE                            00000005
CCP1IF                            00000005
CCP1M0                            00000000
CCP1M1                            00000001
CCP1M2                            00000002
CCP1M3                            00000003
CCPR1                             00000013
CCPR1H                            00000014
CCPR1L                            00000013
CHS0                              00000002
CHS1                              00000003
CHS2                              00000004
CINV                              00000004
CIS                               00000003
CM0                               00000000
CM1                               00000001
CM2                               00000002
CMCON0                            00000019
CMCON1                            0000001A
CMIE                              00000003
CMIF                              00000003
CMSYNC                            00000000
COUT                              00000006
DC                                00000001
DC1B0                             00000004
DC1B1                             00000005
Done                              0000001A
EEADR                             0000009B
EECON1                            0000009C
EECON2                            0000009D
EEDAT                             0000009A
EEDATA                            0000009A
EEIE                              00000007
EEIF                              00000007
MPASM  5.51                           RTS.ASM   7-27-2016  15:17:13         PAGE  6


SYMBOL TABLE
  LABEL                             VALUE 

F                                 00000001
FSR                               00000004
GIE                               00000007
GO                                00000001
GO_DONE                           00000001
GO_NOT_DONE                       00000001
GP0                               00000000
GP1                               00000001
GP2                               00000002
GP3                               00000003
GP4                               00000004
GP5                               00000005
GPIE                              00000003
GPIF                              00000000
GPIO                              00000005
HTS                               00000002
INDF                              00000000
INTCON                            0000000B
INTE                              00000004
INTEDG                            00000006
INTF                              00000001
IOC                               00000096
IOC0                              00000000
IOC1                              00000001
IOC2                              00000002
IOC3                              00000003
IOC4                              00000004
IOC5                              00000005
IOCA                              00000096
IOCA0                             00000000
IOCA1                             00000001
IOCA2                             00000002
IOCA3                             00000003
IOCA4                             00000004
IOCA5                             00000005
IRCF0                             00000004
IRCF1                             00000005
IRCF2                             00000006
IRP                               00000007
LTS                               00000001
Loopforever                       00000112
Mark                              00000012
MarkAndSpace                      00000014
NOT_BOD                           00000000
NOT_DONE                          00000001
NOT_GPPU                          00000007
NOT_PD                            00000003
NOT_POR                           00000001
NOT_T1SYNC                        00000002
NOT_TO                            00000004
OPTION_REG                        00000081
OSCCON                            0000008F
OSCTUNE                           00000090
MPASM  5.51                           RTS.ASM   7-27-2016  15:17:13         PAGE  7


SYMBOL TABLE
  LABEL                             VALUE 

OSFIE                             00000002
OSFIF                             00000002
OSTS                              00000003
PCL                               00000002
PCLATH                            0000000A
PCON                              0000008E
PEIE                              00000006
PIE1                              0000008C
PIR1                              0000000C
PR2                               00000092
PS0                               00000000
PS1                               00000001
PS2                               00000002
PSA                               00000003
RD                                00000000
RP0                               00000005
RP1                               00000006
SBODEN                            00000004
SCS                               00000000
STATUS                            00000003
SWDTEN                            00000000
SetLow                            00000019
Start                             00000100
T0CS                              00000005
T0IE                              00000005
T0IF                              00000002
T0SE                              00000004
T1CKPS0                           00000004
T1CKPS1                           00000005
T1CON                             00000010
T1GE                              00000006
T1GINV                            00000007
T1GSS                             00000001
T1IE                              00000000
T1IF                              00000000
T1OSCEN                           00000003
T2CKPS0                           00000000
T2CKPS1                           00000001
T2CON                             00000012
T2IE                              00000001
T2IF                              00000001
TMR0                              00000001
TMR0IE                            00000005
TMR0IF                            00000002
TMR1                              0000000E
TMR1CS                            00000001
TMR1GE                            00000006
TMR1H                             0000000F
TMR1IE                            00000000
TMR1IF                            00000000
TMR1L                             0000000E
TMR1ON                            00000000
TMR2                              00000011
MPASM  5.51                           RTS.ASM   7-27-2016  15:17:13         PAGE  8


SYMBOL TABLE
  LABEL                             VALUE 

TMR2IE                            00000001
TMR2IF                            00000001
TMR2ON                            00000002
TOUTPS0                           00000003
TOUTPS1                           00000004
TOUTPS2                           00000005
TOUTPS3                           00000006
TRISIO                            00000085
TRISIO0                           00000000
TRISIO1                           00000001
TRISIO2                           00000002
TRISIO3                           00000003
TRISIO4                           00000004
TRISIO5                           00000005
TUN0                              00000000
TUN1                              00000001
TUN2                              00000002
TUN3                              00000003
TUN4                              00000004
TimerHigh                         00000021
TimerLow                          00000020
TimerPop                          0000001D
ULPWUE                            00000005
VCFG                              00000006
VR0                               00000000
VR1                               00000001
VR2                               00000002
VR3                               00000003
VRCON                             00000099
VREN                              00000007
VRR                               00000005
W                                 00000000
WDTCON                            00000018
WDTPS0                            00000001
WDTPS1                            00000002
WDTPS2                            00000003
WDTPS3                            00000004
WPU                               00000095
WPU0                              00000000
WPU1                              00000001
WPU2                              00000002
WPU4                              00000004
WPU5                              00000005
WPUA                              00000095
WPUA0                             00000000
WPUA1                             00000001
WPUA2                             00000002
WPUA4                             00000004
WPUA5                             00000005
WR                                00000001
WREN                              00000002
WRERR                             00000003
Z                                 00000002
MPASM  5.51                           RTS.ASM   7-27-2016  15:17:13         PAGE  9


SYMBOL TABLE
  LABEL                             VALUE 

_BOD_NSLEEP                       00003EFF
_BOD_OFF                          00003CFF
_BOD_ON                           00003FFF
_BOD_SBODEN                       00003DFF
_BOREN_NSLEEP                     00003EFF
_BOREN_OFF                        00003CFF
_BOREN_ON                         00003FFF
_BOREN_SBODEN                     00003DFF
_CONFIG                           00002007
_CPD_OFF                          00003FFF
_CPD_ON                           00003F7F
_CP_OFF                           00003FFF
_CP_ON                            00003FBF
_DEVID1                           00002006
_EC_OSC                           00003FFB
_EXTRC                            00003FFF
_EXTRCIO                          00003FFE
_EXTRC_OSC_CLKOUT                 00003FFF
_EXTRC_OSC_NOCLKOUT               00003FFE
_FCMEN_OFF                        000037FF
_FCMEN_ON                         00003FFF
_FOSC_EC                          00003FFB
_FOSC_EXTRCCLK                    00003FFF
_FOSC_EXTRCIO                     00003FFE
_FOSC_HS                          00003FFA
_FOSC_INTOSCCLK                   00003FFD
_FOSC_INTOSCIO                    00003FFC
_FOSC_LP                          00003FF8
_FOSC_XT                          00003FF9
_HS_OSC                           00003FFA
_IDLOC0                           00002000
_IDLOC1                           00002001
_IDLOC2                           00002002
_IDLOC3                           00002003
_IESO_OFF                         00003BFF
_IESO_ON                          00003FFF
_INTOSC                           00003FFD
_INTOSCIO                         00003FFC
_INTRC_OSC_CLKOUT                 00003FFD
_INTRC_OSC_NOCLKOUT               00003FFC
_LP_OSC                           00003FF8
_MCLRE_OFF                        00003FDF
_MCLRE_ON                         00003FFF
_PWRTE_OFF                        00003FFF
_PWRTE_ON                         00003FEF
_WDTE_OFF                         00003FF7
_WDTE_ON                          00003FFF
_WDT_OFF                          00003FF7
_WDT_ON                           00003FFF
_XT_OSC                           00003FF9
__12F683                          00000001

MPASM  5.51                           RTS.ASM   7-27-2016  15:17:13         PAGE 10





Errors   :     0
Warnings :     0 reported,     0 suppressed
Messages :     5 reported,     0 suppressed

